\\ad.liu.se\home\dansa027\documents\github\globalen_ray_tracer\x64\release\globalen_ray_tracer.ipdb
\\ad.liu.se\home\dansa027\documents\github\globalen_ray_tracer\x64\release\globalen_ray_tracer.iobj
x:\documents\github\globalen_ray_tracer\x64\release\globalen_ray_tracer.ipdb
x:\documents\github\globalen_ray_tracer\x64\release\globalen_ray_tracer.iobj
\\ad.liu.se\home\dansa027\documents\github\globalen_ray_tracer\x64\release\globalen_ray_tracer.exe
\\ad.liu.se\home\dansa027\documents\github\globalen_ray_tracer\x64\release\globalen_ray_tracer.pdb
x:\documents\github\globalen_ray_tracer\x64\release\globalen_ray_tracer.exe
x:\documents\github\globalen_ray_tracer\x64\release\globalen_ray_tracer.pdb
\\ad.liu.se\home\dansa027\documents\github\globalen_ray_tracer\x64\release\vc143.pdb
\\ad.liu.se\home\dansa027\documents\github\globalen_ray_tracer\x64\release\main.obj
\\ad.liu.se\home\dansa027\documents\github\globalen_ray_tracer\x64\release\camera.obj
\\ad.liu.se\home\dansa027\documents\github\globalen_ray_tracer\x64\release\triangle.obj
\\ad.liu.se\home\dansa027\documents\github\globalen_ray_tracer\x64\release\rectangle.obj
\\ad.liu.se\home\dansa027\documents\github\globalen_ray_tracer\x64\release\ray.obj
\\ad.liu.se\home\dansa027\documents\github\globalen_ray_tracer\x64\release\material.obj
x:\documents\github\globalen_ray_tracer\x64\release\vc143.pdb
x:\documents\github\globalen_ray_tracer\x64\release\main.obj
x:\documents\github\globalen_ray_tracer\x64\release\camera.obj
x:\documents\github\globalen_ray_tracer\x64\release\rectangle.obj
x:\documents\github\globalen_ray_tracer\x64\release\triangle.obj
x:\documents\github\globalen_ray_tracer\x64\release\ray.obj
x:\documents\github\globalen_ray_tracer\x64\release\material.obj
x:\documents\github\globalen_ray_tracer\x64\release\globalen.c3cd5be9.tlog\cl.command.1.tlog
x:\documents\github\globalen_ray_tracer\x64\release\globalen.c3cd5be9.tlog\link.read.7.tlog
x:\documents\github\globalen_ray_tracer\x64\release\globalen.c3cd5be9.tlog\link.command.1.tlog
x:\documents\github\globalen_ray_tracer\x64\release\globalen.c3cd5be9.tlog\globalen_ray_tracer.write.1u.tlog
x:\documents\github\globalen_ray_tracer\x64\release\globalen.c3cd5be9.tlog\link.write.1.tlog
x:\documents\github\globalen_ray_tracer\x64\release\globalen.c3cd5be9.tlog\cl.read.1.tlog
x:\documents\github\globalen_ray_tracer\x64\release\globalen.c3cd5be9.tlog\cl.write.1.tlog
